[21Mar2025 00:00:43.043] [Server thread/INFO] [net.minecraft.network.login.ServerLoginNetHandler/]: Disconnecting com.mojang.authlib.GameProfile@23fd5181[id=<null>,name=Kitzune_85,properties={},legacy=false] (/127.34.214.59:34867): Took too long to log in
[21Mar2025 00:00:43.092] [Server thread/INFO] [net.minecraft.network.login.ServerLoginNetHandler/]: com.mojang.authlib.GameProfile@23fd5181[id=<null>,name=Kitzune_85,properties={},legacy=false] (/127.34.214.59:34867) lost connection: Took too long to log in
[21Mar2025 00:04:57.798] [Server thread/INFO] [net.minecraft.server.dedicated.DedicatedServer/]: [Taskablack7: Gave 64 [Radio] to Taskablack7]
[21Mar2025 00:05:01.092] [Server thread/INFO] [net.minecraft.server.dedicated.DedicatedServer/]: [Taskablack7: Gave 64 [Cracked Withered Blackstone Slab] to Taskablack7]
[21Mar2025 00:08:21.549] [Server thread/INFO] [net.minecraftforge.common.AdvancementLoadFix/]: Using new advancement loading for net.minecraft.advancements.PlayerAdvancements@2d05d2c
[21Mar2025 00:08:21.554] [Server thread/INFO] [net.minecraft.server.management.PlayerList/]: ANDRES45Y[/127.224.27.55:38183] logged in with entity id 2077 at (8.5, 63.0, 225.5)
[21Mar2025 00:08:21.557] [Server thread/INFO] [net.minecraft.server.dedicated.DedicatedServer/]: ANDRES45Y joined the game
[21Mar2025 00:08:21.557] [Server thread/INFO] [insane96mcp.insanelib.InsaneLib/]: [Progressive Bosses] ANDRES45Y first spawned. Set First Dragon to 1
[21Mar2025 00:08:21.603] [Server thread/INFO] [net.minecraft.server.dedicated.DedicatedServer/]: ANDRES45Y has made the advancement [Easter Egg Searcher]
[21Mar2025 00:08:21.667] [Server thread/INFO] [net.minecraft.server.dedicated.DedicatedServer/]: ANDRES45Y has made the advancement [Rats]
[21Mar2025 00:08:21.668] [Server thread/INFO] [net.minecraft.server.dedicated.DedicatedServer/]: ANDRES45Y has made the advancement [Prepair for undeads]
[21Mar2025 00:10:18.440] [Server thread/INFO] [net.minecraft.server.dedicated.DedicatedServer/]: ANDRES45Y has made the advancement [Suit Up]
[21Mar2025 00:10:27.355] [Server thread/INFO] [net.minecraftforge.common.AdvancementLoadFix/]: Using new advancement loading for net.minecraft.advancements.PlayerAdvancements@7a625275
[21Mar2025 00:10:27.363] [Server thread/INFO] [net.minecraft.server.management.PlayerList/]: Kitzune_85[/127.34.214.59:39201] logged in with entity id 2711 at (-1566.2379087091313, 79.17675927506424, 548.7129832154197)
[21Mar2025 00:10:27.365] [Server thread/INFO] [net.minecraft.server.dedicated.DedicatedServer/]: Kitzune_85 joined the game
[21Mar2025 00:10:39.397] [Server thread/WARN] [net.minecraft.network.play.ServerPlayNetHandler/]: Kitzune_85 was kicked for floating too long!
[21Mar2025 00:10:39.448] [Server thread/INFO] [net.minecraft.network.play.ServerPlayNetHandler/]: Kitzune_85 lost connection: Flying is not enabled on this server
[21Mar2025 00:10:39.448] [Server thread/INFO] [net.minecraft.server.dedicated.DedicatedServer/]: Kitzune_85 left the game
[21Mar2025 00:10:45.412] [Server thread/INFO] [net.minecraft.server.dedicated.DedicatedServer/]: ANDRES45Y has made the advancement [Monster Hunter]
[21Mar2025 00:10:57.799] [Server thread/INFO] [net.minecraftforge.common.AdvancementLoadFix/]: Using new advancement loading for net.minecraft.advancements.PlayerAdvancements@cbcbc19
[21Mar2025 00:10:57.805] [Server thread/INFO] [net.minecraft.server.management.PlayerList/]: Kitzune_85[/127.34.214.59:53781] logged in with entity id 2850 at (-1566.2379087091313, 79.17675927506424, 548.7129832154197)
[21Mar2025 00:10:57.807] [Server thread/INFO] [net.minecraft.server.dedicated.DedicatedServer/]: Kitzune_85 joined the game
[21Mar2025 00:11:26.459] [Server thread/INFO] [net.minecraft.network.play.ServerPlayNetHandler/]: ANDRES45Y lost connection: Disconnected
[21Mar2025 00:11:26.459] [Server thread/INFO] [net.minecraft.server.dedicated.DedicatedServer/]: ANDRES45Y left the game
[21Mar2025 00:16:27.940] [Server thread/INFO] [net.minecraftforge.common.AdvancementLoadFix/]: Using new advancement loading for net.minecraft.advancements.PlayerAdvancements@6e512243
[21Mar2025 00:16:27.945] [Server thread/INFO] [net.minecraft.server.management.PlayerList/]: ANDRES45Y[/127.224.27.55:40387] logged in with entity id 3574 at (-6.62750759546226, 65.0, 281.5898251699894)
[21Mar2025 00:16:27.947] [Server thread/INFO] [net.minecraft.server.dedicated.DedicatedServer/]: ANDRES45Y joined the game
[21Mar2025 00:17:43.693] [Server thread/INFO] [Scaling Health/]: Blight Decrepit Skeleton has died
[21Mar2025 00:19:06.154] [Server thread/WARN] [net.minecraft.server.management.PlayerInteractionManager/]: Mismatch in destroy block pos: BlockPos{x=-9, y=64, z=281} BlockPos{x=0, y=63, z=239}
[21Mar2025 00:19:07.446] [Server thread/WARN] [net.minecraft.server.management.PlayerInteractionManager/]: Mismatch in destroy block pos: BlockPos{x=-9, y=64, z=281} BlockPos{x=0, y=63, z=240}
[21Mar2025 00:19:08.175] [Server thread/WARN] [net.minecraft.server.management.PlayerInteractionManager/]: Mismatch in destroy block pos: BlockPos{x=-9, y=64, z=281} BlockPos{x=-1, y=62, z=240}
[21Mar2025 00:19:18.697] [Server thread/WARN] [net.minecraft.server.management.PlayerInteractionManager/]: Mismatch in destroy block pos: BlockPos{x=-9, y=64, z=281} BlockPos{x=0, y=62, z=240}
[21Mar2025 00:19:18.946] [Server thread/WARN] [net.minecraft.server.management.PlayerInteractionManager/]: Mismatch in destroy block pos: BlockPos{x=-9, y=64, z=281} BlockPos{x=0, y=63, z=240}
[21Mar2025 00:19:30.477] [Server thread/WARN] [net.minecraft.server.management.PlayerInteractionManager/]: Mismatch in destroy block pos: BlockPos{x=-9, y=64, z=281} BlockPos{x=0, y=62, z=240}
[21Mar2025 00:19:31.344] [Server thread/WARN] [net.minecraft.server.management.PlayerInteractionManager/]: Mismatch in destroy block pos: BlockPos{x=-9, y=64, z=281} BlockPos{x=0, y=63, z=240}
[21Mar2025 00:19:31.753] [Server thread/WARN] [net.minecraft.server.management.PlayerInteractionManager/]: Mismatch in destroy block pos: BlockPos{x=-9, y=64, z=281} BlockPos{x=0, y=63, z=240}
[21Mar2025 00:19:31.798] [Server thread/WARN] [net.minecraft.server.management.PlayerInteractionManager/]: Mismatch in destroy block pos: BlockPos{x=-9, y=64, z=281} BlockPos{x=0, y=62, z=241}
[21Mar2025 00:19:33.547] [Server thread/WARN] [net.minecraft.server.management.PlayerInteractionManager/]: Mismatch in destroy block pos: BlockPos{x=-9, y=64, z=281} BlockPos{x=0, y=63, z=240}
[21Mar2025 00:19:33.547] [Server thread/WARN] [net.minecraft.server.management.PlayerInteractionManager/]: Mismatch in destroy block pos: BlockPos{x=-9, y=64, z=281} BlockPos{x=0, y=62, z=241}
[21Mar2025 00:19:33.548] [Server thread/WARN] [net.minecraft.server.management.PlayerInteractionManager/]: Mismatch in destroy block pos: BlockPos{x=-9, y=64, z=281} BlockPos{x=1, y=62, z=241}
[21Mar2025 00:19:36.502] [Server thread/WARN] [net.minecraft.server.management.PlayerInteractionManager/]: Mismatch in destroy block pos: BlockPos{x=-9, y=64, z=281} BlockPos{x=0, y=62, z=240}
[21Mar2025 00:19:37.908] [Server thread/WARN] [net.minecraft.server.management.PlayerInteractionManager/]: Mismatch in destroy block pos: BlockPos{x=-9, y=64, z=281} BlockPos{x=-1, y=62, z=241}
[21Mar2025 00:19:38.155] [Server thread/WARN] [net.minecraft.server.management.PlayerInteractionManager/]: Mismatch in destroy block pos: BlockPos{x=-9, y=64, z=281} BlockPos{x=-1, y=62, z=240}
[21Mar2025 00:19:38.348] [Server thread/WARN] [net.minecraft.server.management.PlayerInteractionManager/]: Mismatch in destroy block pos: BlockPos{x=-9, y=64, z=281} BlockPos{x=-1, y=62, z=240}
[21Mar2025 00:19:38.565] [Server thread/WARN] [net.minecraft.server.management.PlayerInteractionManager/]: Mismatch in destroy block pos: BlockPos{x=-9, y=64, z=281} BlockPos{x=-1, y=62, z=240}
[21Mar2025 00:19:38.756] [Server thread/WARN] [net.minecraft.server.management.PlayerInteractionManager/]: Mismatch in destroy block pos: BlockPos{x=-9, y=64, z=281} BlockPos{x=-1, y=62, z=240}
[21Mar2025 00:19:38.944] [Server thread/WARN] [net.minecraft.server.management.PlayerInteractionManager/]: Mismatch in destroy block pos: BlockPos{x=-9, y=64, z=281} BlockPos{x=-1, y=62, z=240}
[21Mar2025 00:19:53.803] [Server thread/WARN] [net.minecraft.server.management.PlayerInteractionManager/]: Mismatch in destroy block pos: BlockPos{x=-9, y=64, z=281} BlockPos{x=9, y=64, z=216}
[21Mar2025 00:20:08.317] [Server thread/INFO] [net.minecraft.server.dedicated.DedicatedServer/]: [Taskablack7: Teleported ANDRES45Y to Kitzune_85]
[21Mar2025 00:22:14.290] [Server thread/WARN] [net.minecraft.network.play.ServerPlayNetHandler/]: Kitzune_85 moved too quickly! -2.305192206225229,0.0,9.965471761807976
[21Mar2025 00:22:39.692] [Server thread/INFO] [net.minecraft.server.dedicated.DedicatedServer/]: ANDRES45Y has made the advancement [Knowledge of Death]
[21Mar2025 00:22:39.693] [Server thread/INFO] [net.minecraft.server.dedicated.DedicatedServer/]: ANDRES45Y has made the advancement [Easter Food]
[21Mar2025 00:22:45.307] [Server thread/INFO] [net.minecraft.server.dedicated.DedicatedServer/]: ANDRES45Y was slain by Taskablack7
[21Mar2025 00:22:45.312] [Server thread/INFO] [net.minecraft.server.dedicated.DedicatedServer/]: ANDRES45Y has made the advancement [Your First Grave]
[21Mar2025 00:22:45.313] [Server thread/INFO] [tombstone/]: The player ANDRES45Y has successfully been saved
[21Mar2025 00:22:46.857] [Server thread/INFO] [Scaling Health/]: Player lost 0.00 heart crystal(s)
[21Mar2025 00:22:46.857] [Server thread/INFO] [Scaling Health/]: Player gained 0.00 difficulty
[21Mar2025 00:22:50.515] [Server thread/INFO] [net.minecraft.server.dedicated.DedicatedServer/]: Taskablack7 has made the advancement [Funeral Theft]
[21Mar2025 00:23:15.518] [Server thread/INFO] [net.minecraft.server.dedicated.DedicatedServer/]: [Taskablack7: Teleported ANDRES45Y to Taskablack7]
[21Mar2025 00:23:20.727] [Server thread/INFO] [net.minecraft.server.dedicated.DedicatedServer/]: ANDRES45Y has reached the goal [Here They Come]
[21Mar2025 00:23:43.259] [Server thread/INFO] [net.minecraft.server.dedicated.DedicatedServer/]: ANDRES45Y was slain by Taskablack7
[21Mar2025 00:23:43.263] [Server thread/INFO] [tombstone/]: The player ANDRES45Y has successfully been saved
[21Mar2025 00:23:44.739] [Server thread/INFO] [Scaling Health/]: Player lost 0.00 heart crystal(s)
[21Mar2025 00:23:44.739] [Server thread/INFO] [Scaling Health/]: Player lost 0.00 difficulty
[21Mar2025 00:23:47.360] [Server thread/WARN] [net.minecraft.server.management.PlayerInteractionManager/]: Mismatch in destroy block pos: BlockPos{x=0, y=0, z=0} BlockPos{x=-4, y=64, z=232}
[21Mar2025 00:23:52.797] [Server thread/INFO] [net.minecraft.server.dedicated.DedicatedServer/]: Kitzune_85 has made the advancement [Funeral Theft]
[21Mar2025 00:23:52.798] [Server thread/INFO] [net.minecraft.server.dedicated.DedicatedServer/]: Kitzune_85 has reached the goal [Discreet Search]
[21Mar2025 00:23:53.746] [Server thread/INFO] [net.minecraft.server.dedicated.DedicatedServer/]: [Taskablack7: Teleported ANDRES45Y to Kitzune_85]
[21Mar2025 00:25:50.913] [Server thread/INFO] [Scaling Health/]: Blight Brown Trout was killed by Taskablack7
[21Mar2025 00:25:54.357] [Server thread/WARN] [Scaling Health/]: Another mod seems to have canceled healing from a heart container (player TextComponent{text='Taskablack7', siblings=[], style=Style{ color=null, bold=null, italic=null, underlined=null, strikethrough=null, obfuscated=null, clickEvent=null, hoverEvent=null, insertion=null, font=minecraft:default}})
[21Mar2025 00:31:37.712] [Server thread/INFO] [net.minecraft.server.dedicated.DedicatedServer/]: ANDRES45Y has made the advancement [Acquire Hardware]
[21Mar2025 00:32:04.743] [Server thread/INFO] [net.minecraft.server.dedicated.DedicatedServer/]: ANDRES45Y has made the advancement [A Strange Grave Dust]
[21Mar2025 00:32:26.025] [Server thread/INFO] [net.minecraft.server.dedicated.DedicatedServer/]: ANDRES45Y has made the advancement [Suckers]
[21Mar2025 00:32:38.218] [Server thread/INFO] [net.minecraft.server.dedicated.DedicatedServer/]: Taskablack7 has made the advancement [Suckers]
[21Mar2025 00:34:54.791] [Server thread/INFO] [net.minecraft.server.dedicated.DedicatedServer/]: Kitzune_85 has made the advancement [Suckers]
[21Mar2025 00:35:37.277] [Server thread/WARN] [net.minecraft.server.management.PlayerInteractionManager/]: Mismatch in destroy block pos: BlockPos{x=-1778, y=69, z=1005} BlockPos{x=-1780, y=71, z=1004}
[21Mar2025 00:36:06.870] [Server thread/INFO] [net.minecraft.server.dedicated.DedicatedServer/]: Kitzune_85 was slain by Zombie
[21Mar2025 00:36:06.895] [Server thread/INFO] [tombstone/]: The player Kitzune_85 has successfully been saved
[21Mar2025 00:36:09.210] [Server thread/INFO] [Scaling Health/]: Player lost 0.00 heart crystal(s)
[21Mar2025 00:36:09.211] [Server thread/INFO] [Scaling Health/]: Player lost 0.00 difficulty
[21Mar2025 00:37:27.020] [Server thread/WARN] [net.minecraft.server.MinecraftServer/]: Can't keep up! Is the server overloaded? Running 2492ms or 49 ticks behind
[21Mar2025 00:37:27.065] [Server thread/INFO] [net.minecraft.network.play.ServerPlayNetHandler/]: Taskablack7 lost connection: Disconnected
[21Mar2025 00:37:27.065] [Server thread/INFO] [net.minecraft.server.dedicated.DedicatedServer/]: Taskablack7 left the game
[21Mar2025 00:39:10.041] [Server thread/INFO] [net.minecraft.server.dedicated.DedicatedServer/]: ANDRES45Y has made the advancement [Ice Bucket Challenge]
[21Mar2025 00:41:07.701] [Server thread/WARN] [net.minecraft.world.TrackedEntity/]: Fetching packet for removed entity AreaEffectCloudEntity['Area Effect Cloud'/12412, l='ServerLevel[world]', x=-1794.85, y=69.19, z=1057.79]
[21Mar2025 00:41:07.701] [Server thread/WARN] [net.minecraft.world.TrackedEntity/]: Fetching packet for removed entity AreaEffectCloudEntity['Area Effect Cloud'/12412, l='ServerLevel[world]', x=-1794.85, y=69.19, z=1057.79]
[21Mar2025 00:41:57.874] [Worker-Main-4/WARN] [net.minecraft.world.gen.feature.jigsaw.JigsawManager/]: Empty or none existent pool: dungeons_arise:underworld/foundry/foundry_corridor_gears
[21Mar2025 00:41:57.875] [Worker-Main-4/WARN] [net.minecraft.world.gen.feature.jigsaw.JigsawManager/]: Empty or none existent pool: dungeons_arise:underworld/foundry/foundry_corridor_gears
[21Mar2025 00:42:41.075] [Server thread/INFO] [net.minecraft.server.dedicated.DedicatedServer/]: <ANDRES45Y> asi se fueron las esperansas con la elina jajajajajajajaja gato
[21Mar2025 00:42:51.721] [Server thread/INFO] [net.minecraft.server.dedicated.DedicatedServer/]: <Kitzune_85> mejor
[21Mar2025 00:44:20.910] [Server thread/WARN] [net.minecraft.server.MinecraftServer/]: Can't keep up! Is the server overloaded? Running 2082ms or 41 ticks behind
[21Mar2025 00:48:41.079] [Worker-Main-5/WARN] [net.minecraft.world.gen.feature.jigsaw.JigsawManager/]: Empty or none existent pool: endrem:puzzle_corridor
[21Mar2025 00:48:41.204] [Worker-Main-5/WARN] [net.minecraft.world.gen.feature.jigsaw.JigsawManager/]: Empty or none existent pool: minecraft:
[21Mar2025 00:48:41.204] [Worker-Main-5/WARN] [net.minecraft.world.gen.feature.jigsaw.JigsawManager/]: Empty or none existent pool: minecraft:
[21Mar2025 00:48:41.211] [Worker-Main-5/WARN] [net.minecraft.world.gen.feature.jigsaw.JigsawManager/]: Empty or none existent pool: minecraft:
[21Mar2025 00:48:41.211] [Worker-Main-5/WARN] [net.minecraft.world.gen.feature.jigsaw.JigsawManager/]: Empty or none existent pool: minecraft:
[21Mar2025 00:48:41.292] [Worker-Main-5/WARN] [net.minecraft.world.gen.feature.jigsaw.JigsawManager/]: Empty or none existent pool: minecraft:
[21Mar2025 00:48:41.292] [Worker-Main-5/WARN] [net.minecraft.world.gen.feature.jigsaw.JigsawManager/]: Empty or none existent pool: minecraft:
[21Mar2025 00:48:41.425] [Worker-Main-5/WARN] [net.minecraft.world.gen.feature.jigsaw.JigsawManager/]: Empty or none existent pool: minecraft:
[21Mar2025 00:48:41.425] [Worker-Main-5/WARN] [net.minecraft.world.gen.feature.jigsaw.JigsawManager/]: Empty or none existent pool: minecraft:
[21Mar2025 00:48:41.434] [Worker-Main-5/WARN] [net.minecraft.world.gen.feature.jigsaw.JigsawManager/]: Empty or none existent pool: minecraft:
[21Mar2025 00:48:41.435] [Worker-Main-5/WARN] [net.minecraft.world.gen.feature.jigsaw.JigsawManager/]: Empty or none existent pool: minecraft:
[21Mar2025 00:48:41.483] [Worker-Main-5/WARN] [net.minecraft.world.gen.feature.jigsaw.JigsawManager/]: Empty or none existent pool: minecraft:
[21Mar2025 00:48:41.483] [Worker-Main-5/WARN] [net.minecraft.world.gen.feature.jigsaw.JigsawManager/]: Empty or none existent pool: minecraft:
[21Mar2025 00:49:52.151] [Server thread/INFO] [net.minecraft.server.dedicated.DedicatedServer/]: Kitzune_85 has made the advancement [Jennifer Dumped Me]
[21Mar2025 00:49:56.864] [Server thread/INFO] [net.minecraft.server.dedicated.DedicatedServer/]: <Kitzune_85> xd
[21Mar2025 00:55:01.397] [Server thread/INFO] [net.minecraft.server.dedicated.DedicatedServer/]: Kitzune_85 has made the advancement [Chompy]
[21Mar2025 00:56:07.651] [Server thread/INFO] [net.minecraft.server.dedicated.DedicatedServer/]: Kitzune_85 has completed the challenge [Full counter]
[21Mar2025 00:56:48.247] [Server thread/INFO] [net.minecraft.network.play.ServerPlayNetHandler/]: Kitzune_85 lost connection: Timed out
[21Mar2025 00:56:48.248] [Server thread/INFO] [net.minecraft.server.dedicated.DedicatedServer/]: Kitzune_85 left the game
[21Mar2025 00:57:37.043] [Server thread/INFO] [net.minecraftforge.common.AdvancementLoadFix/]: Using new advancement loading for net.minecraft.advancements.PlayerAdvancements@28100829
[21Mar2025 00:57:37.048] [Server thread/INFO] [net.minecraft.server.management.PlayerList/]: Kitzune_85[/127.34.214.59:48521] logged in with entity id 20945 at (-2068.6474653648174, 66.0, 2572.300000011921)
[21Mar2025 00:57:37.051] [Server thread/INFO] [net.minecraft.server.dedicated.DedicatedServer/]: Kitzune_85 joined the game
[21Mar2025 01:00:01.747] [Server thread/INFO] [net.minecraft.server.dedicated.DedicatedServer/]: Kitzune_85 was slain by Haunter
[21Mar2025 01:00:01.756] [Server thread/INFO] [tombstone/]: The player Kitzune_85 has successfully been saved
[21Mar2025 01:01:13.164] [Server thread/FATAL] [net.minecraft.util.concurrent.ThreadTaskExecutor/]: Error executing task on Server
java.lang.NullPointerException: null
	at net.minecraft.world.server.TicketManager.func_219367_b(TicketManager.java:227) ~[?:?]
	at net.minecraft.world.server.ChunkManager.func_219183_a(ChunkManager.java:884) ~[?:?]
	at net.minecraft.world.server.ServerChunkProvider.func_217221_a(ServerChunkProvider.java:450) ~[?:?]
	at net.minecraft.network.play.ServerPlayNetHandler.func_147347_a(ServerPlayNetHandler.java:845) ~[?:?]
	at net.minecraft.network.play.client.CPlayerPacket.func_148833_a(SourceFile:122) ~[?:?]
	at net.minecraft.network.play.client.CPlayerPacket$PositionPacket.func_148833_a(SourceFile:56) ~[?:?]
	at net.minecraft.network.PacketThreadUtil.func_225383_a(SourceFile:21) ~[?:?]
	at net.minecraft.util.concurrent.TickDelayedTask.run(SourceFile:18) ~[?:?]
	at net.minecraft.util.concurrent.ThreadTaskExecutor.func_213166_h(SourceFile:144) ~[?:?]
	at net.minecraft.util.concurrent.RecursiveEventLoop.func_213166_h(SourceFile:23) ~[?:?]
	at net.minecraft.server.MinecraftServer.func_213166_h(MinecraftServer.java:734) ~[?:?]
	at net.minecraft.server.MinecraftServer.func_213166_h(MinecraftServer.java:159) ~[?:?]
	at net.minecraft.util.concurrent.ThreadTaskExecutor.func_213168_p(SourceFile:118) ~[?:?]
	at net.minecraft.server.MinecraftServer.func_213205_aW(MinecraftServer.java:717) ~[?:?]
	at net.minecraft.server.MinecraftServer.func_213168_p(MinecraftServer.java:711) ~[?:?]
	at net.minecraft.util.concurrent.ThreadTaskExecutor.func_213161_c(SourceFile:127) ~[?:?]
	at net.minecraft.server.MinecraftServer.func_213202_o(MinecraftServer.java:697) ~[?:?]
	at net.minecraft.server.MinecraftServer.func_240802_v_(MinecraftServer.java:646) ~[?:?]
	at net.minecraft.server.MinecraftServer.func_240783_a_(MinecraftServer.java:232) ~[?:?]
	at java.lang.Thread.run(Thread.java:829) [?:?]
[21Mar2025 01:01:37.541] [Server thread/INFO] [net.minecraft.network.play.ServerPlayNetHandler/]: Kitzune_85 lost connection: Timed out
[21Mar2025 01:01:37.542] [Server thread/INFO] [net.minecraft.server.dedicated.DedicatedServer/]: Kitzune_85 left the game
